build/app/outputs/mapping/release/seeds.txt
it.des.progetti.oh_so_you_are.MainActivity
it.des.progetti.oh_so_you_are.MainActivity: MainActivity()
...
androidx.window.embedding.ActivityFilter: java.lang.String intentAction
androidx.lifecycle.Lifecycle$Event: androidx.lifecycle.Lifecycle$Event ON_RESUME
androidx.window.layout.SidecarWindowBackend$WindowLayoutChangeCallbackWrapper: androidx.core.util.Consumer callback
androidx.window.layout.FoldingFeature$Orientation: androidx.window.layout.FoldingFeature$Orientation$Companion Companion
io.flutter.embedding.engine.FlutterOverlaySurface: int id
androidx.window.embedding.ExtensionEmbeddingBackend$SplitListenerWrapper: androidx.core.util.Consumer callback
androidx.window.layout.SidecarCompat$DistinctElementCallback: java.util.concurrent.locks.ReentrantLock lock
androidx.window.layout.HardwareFoldingFeature: androidx.window.layout.HardwareFoldingFeature$Type type
androidx.window.embedding.ActivityStack: boolean isEmpty
io.flutter.embedding.engine.FlutterJNI: io.flutter.embedding.engine.FlutterJNI$AccessibilityDelegate accessibilityDelegate
androidx.window.layout.DisplayCompatHelperApi17: androidx.window.layout.DisplayCompatHelperApi17 INSTANCE
androidx.window.layout.WindowMetricsCalculator$Companion$reset$1: androidx.window.layout.WindowMetricsCalculator$Companion$reset$1 INSTANCE
kotlinx.coroutines.scheduling.CoroutineScheduler$Worker: int workerCtl
androidx.window.layout.FoldingFeature$State: androidx.window.layout.FoldingFeature$State$Companion Companion
io.flutter.embedding.engine.renderer.SurfaceTextureWrapper: java.lang.Runnable onFrameConsumed
io.flutter.view.AccessibilityViewEmbedder: java.util.Map originToFlutterId
androidx.window.R$attr: int activityName
androidx.window.embedding.SplitPairFilter: android.content.ComponentName secondaryActivityName
androidx.window.R$styleable: int SplitPlaceholderRule_placeholderActivityName
kotlinx.coroutines.android.AndroidExceptionPreHandler: java.lang.Object _preHandler
io.flutter.embedding.engine.FlutterJNI: java.util.Set flutterUiDisplayListeners
androidx.window.core.Version: int minor
androidx.window.embedding.SplitPairFilter: java.lang.String secondaryActivityIntentAction
kotlinx.coroutines.EventLoopImplBase: java.lang.Object _delayed
kotlin.jvm.internal.CallableReference: java.lang.Object NO_RECEIVER
kotlinx.coroutines.EventLoopImplBase: java.lang.Object _queue
androidx.window.embedding.ExtensionEmbeddingBackend: androidx.window.embedding.EmbeddingInterfaceCompat embeddingExtension
androidx.window.layout.WindowMetricsCalculator$Companion$decorator$1: androidx.window.layout.WindowMetricsCalculator$Companion$decorator$1 INSTANCE
androidx.window.layout.WindowInfoTracker$Companion: java.lang.String TAG
androidx.window.layout.SidecarCompat: androidx.window.layout.SidecarCompat$Companion Companion
androidx.window.R$styleable: int SplitPlaceholderRule_splitRatio
androidx.window.layout.SidecarWindowBackend$WindowLayoutChangeCallbackWrapper: java.util.concurrent.Executor executor
androidx.window.embedding.ActivityRule: boolean alwaysExpand
kotlinx.coroutines.android.HandlerDispatcherKt: android.view.Choreographer choreographer
androidx.window.layout.WindowMetricsCalculatorCompat: androidx.window.layout.WindowMetricsCalculatorCompat INSTANCE
io.flutter.view.AccessibilityViewEmbedder: java.lang.String TAG
kotlin.jvm.internal.CallableReference: java.lang.Class owner
kotlinx.coroutines.scheduling.WorkQueue: int consumerIndex
androidx.window.layout.WindowInfoTracker$Companion: boolean DEBUG
kotlin.jvm.internal.CallableReference: kotlin.reflect.KCallable reflected
androidx.lifecycle.Lifecycle$Event: androidx.lifecycle.Lifecycle$Event ON_STOP
kotlinx.coroutines.scheduling.CoroutineScheduler: long controlState
androidx.window.embedding.EmbeddingTranslatingCallback: androidx.window.embedding.EmbeddingInterfaceCompat$EmbeddingCallbackInterface callback
androidx.window.layout.SidecarCompat$DistinctSidecarElementCallback: java.util.WeakHashMap mActivityWindowLayoutInfo
io.flutter.embedding.engine.renderer.SurfaceTextureWrapper: boolean attached