build/app/outputs/mapping/release/mapping.txt
# compiler: R8
# compiler_version: 3.1.66
# min_api: 16
# pg_map_id: bb6117e
# common_typos_disable
# {"id":"com.android.tools.r8.mapping","version":"1.0"}
...
kotlin.collections.MapsKt__MapsJVMKt -> e0.y:
    int mapCapacity(int) -> a
    java.util.Map mapOf(kotlin.Pair) -> b
    java.util.Map toSingletonMap(java.util.Map) -> c
kotlin.collections.MapsKt__MapsKt -> e0.z:
    java.util.Map emptyMap() -> d
    java.util.Map optimizeReadOnlyMap(java.util.Map) -> e
    void putAll(java.util.Map,java.lang.Iterable) -> f
    java.util.Map toMap(java.lang.Iterable) -> g
    java.util.Map toMap(java.lang.Iterable,java.util.Map) -> h
kotlin.collections.MapsKt___MapsKt -> e0.a0:
kotlin.collections.SetsKt -> e0.b0:
    java.util.Set emptySet() -> b
      # {"id":"com.android.tools.r8.synthesized"}
kotlin.collections.SetsKt__SetsJVMKt -> e0.c0:
    java.util.Set setOf(java.lang.Object) -> a
kotlin.collections.SetsKt__SetsKt -> e0.d0:
    java.util.Set emptySet() -> b
    java.util.Set optimizeReadOnlySet(java.util.Set) -> c
kotlin.collections.SetsKt___SetsKt -> e0.e0:
kotlin.comparisons.ComparisonsKt -> f0.a:
    int compareValues(java.lang.Comparable,java.lang.Comparable) -> a
      # {"id":"com.android.tools.r8.synthesized"}
kotlin.comparisons.ComparisonsKt__ComparisonsKt -> f0.b:
    int compareValues(java.lang.Comparable,java.lang.Comparable) -> a
kotlin.comparisons.ComparisonsKt___ComparisonsJvmKt -> f0.c:
kotlin.comparisons.ComparisonsKt___ComparisonsKt -> f0.d:
kotlin.coroutines.AbstractCoroutineContextElement -> g0.a:
kotlin.coroutines.AbstractCoroutineContextKey -> g0.b:
    kotlin.coroutines.CoroutineContext$Key topmostKey -> e
    kotlin.jvm.functions.Function1 safeCast -> d
    boolean isSubKey$kotlin_stdlib(kotlin.coroutines.CoroutineContext$Key) -> a
    kotlin.coroutines.CoroutineContext$Element tryCast$kotlin_stdlib(kotlin.coroutines.CoroutineContext$Element) -> b
kotlin.coroutines.CombinedContext -> g0.c:
    kotlin.coroutines.CoroutineContext$Element element -> e
    kotlin.coroutines.CoroutineContext left -> d
    boolean contains(kotlin.coroutines.CoroutineContext$Element) -> b
    boolean containsAll(kotlin.coroutines.CombinedContext) -> f
    int size() -> m
kotlin.coroutines.CombinedContext$toString$1 -> g0.c$a:
    kotlin.coroutines.CombinedContext$toString$1 INSTANCE -> d
    java.lang.String invoke(java.lang.String,kotlin.coroutines.CoroutineContext$Element) -> a
kotlin.coroutines.Continuation -> g0.d:
kotlin.coroutines.ContinuationInterceptor -> g0.e:
    kotlin.coroutines.ContinuationInterceptor$Key Key -> a
    kotlin.coroutines.Continuation interceptContinuation(kotlin.coroutines.Continuation) -> l
    void releaseInterceptedContinuation(kotlin.coroutines.Continuation) -> n
kotlin.coroutines.ContinuationInterceptor$DefaultImpls -> g0.e$a:
    kotlin.coroutines.CoroutineContext$Element get(kotlin.coroutines.ContinuationInterceptor,kotlin.coroutines.CoroutineContext$Key) -> a
    kotlin.coroutines.CoroutineContext minusKey(kotlin.coroutines.ContinuationInterceptor,kotlin.coroutines.CoroutineContext$Key) -> b
kotlin.coroutines.ContinuationInterceptor$Key -> g0.e$b:
    kotlin.coroutines.ContinuationInterceptor$Key $$INSTANCE -> d
kotlin.coroutines.ContinuationKt -> g0.f:
    void startCoroutine(kotlin.jvm.functions.Function2,java.lang.Object,kotlin.coroutines.Continuation) -> a
kotlin.coroutines.CoroutineContext -> g0.g:
kotlin.coroutines.CoroutineContext$DefaultImpls -> g0.g$a:
    kotlin.coroutines.CoroutineContext plus(kotlin.coroutines.CoroutineContext,kotlin.coroutines.CoroutineContext) -> a
kotlin.coroutines.CoroutineContext$Element -> g0.g$b: