build/app/outputs/mapping/release/usage.txt
it.des.progetti.oh_so_you_are.BuildConfig
it.des.progetti.oh_so_you_are.R$attr
it.des.progetti.oh_so_you_are.R$color
it.des.progetti.oh_so_you_are.R$dimen
it.des.progetti.oh_so_you_are.R$drawable
it.des.progetti.oh_so_you_are.R$id
it.des.progetti.oh_so_you_are.R$integer
it.des.progetti.oh_so_you_are.R$layout
it.des.progetti.oh_so_you_are.R$mipmap
it.des.progetti.oh_so_you_are.R$string
it.des.progetti.oh_so_you_are.R$style
it.des.progetti.oh_so_you_are.R$styleable
it.des.progetti.oh_so_you_are.R
...
com.google.common.cache.LocalCache$EntryFactory
com.google.common.cache.LocalCache$EntryIterator
com.google.common.cache.LocalCache$EntrySet
com.google.common.cache.LocalCache$HashIterator
com.google.common.cache.LocalCache$KeyIterator
com.google.common.cache.LocalCache$KeySet
com.google.common.cache.LocalCache$LoadingSerializationProxy
com.google.common.cache.LocalCache$LoadingValueReference$1
com.google.common.cache.LocalCache$LoadingValueReference
com.google.common.cache.LocalCache$LocalLoadingCache
com.google.common.cache.LocalCache$LocalManualCache$1
com.google.common.cache.LocalCache$LocalManualCache
com.google.common.cache.LocalCache$ManualSerializationProxy
com.google.common.cache.LocalCache$NullEntry
com.google.common.cache.LocalCache$Segment$1
com.google.common.cache.LocalCache$Segment
com.google.common.cache.LocalCache$SoftValueReference
com.google.common.cache.LocalCache$Strength$1
com.google.common.cache.LocalCache$Strength$2
com.google.common.cache.LocalCache$Strength$3
com.google.common.cache.LocalCache$Strength
com.google.common.cache.LocalCache$StrongAccessEntry
com.google.common.cache.LocalCache$StrongAccessWriteEntry
com.google.common.cache.LocalCache$StrongEntry
com.google.common.cache.LocalCache$StrongValueReference
com.google.common.cache.LocalCache$StrongWriteEntry
com.google.common.cache.LocalCache$ValueIterator
com.google.common.cache.LocalCache$ValueReference
com.google.common.cache.LocalCache$Values
com.google.common.cache.LocalCache$WeakAccessEntry
com.google.common.cache.LocalCache$WeakAccessWriteEntry
com.google.common.cache.LocalCache$WeakEntry
com.google.common.cache.LocalCache$WeakValueReference
com.google.common.cache.LocalCache$WeakWriteEntry
com.google.common.cache.LocalCache$WeightedSoftValueReference
com.google.common.cache.LocalCache$WeightedStrongValueReference
com.google.common.cache.LocalCache$WeightedWeakValueReference
com.google.common.cache.LocalCache$WriteQueue$1
com.google.common.cache.LocalCache$WriteQueue$2
com.google.common.cache.LocalCache$WriteQueue
com.google.common.cache.LocalCache$WriteThroughEntry
com.google.common.cache.LocalCache
com.google.common.cache.LongAddable
com.google.common.cache.LongAddables$1
com.google.common.cache.LongAddables$2
com.google.common.cache.LongAddables$PureJavaLongAddable
com.google.common.cache.LongAddables
com.google.common.cache.LongAdder
com.google.common.cache.ReferenceEntry
com.google.common.cache.RemovalCause$1
com.google.common.cache.RemovalCause$2
com.google.common.cache.RemovalCause$3
com.google.common.cache.RemovalCause$4
com.google.common.cache.RemovalCause$5
com.google.common.cache.RemovalCause
com.google.common.cache.RemovalListener
com.google.common.cache.RemovalListeners$1$1
com.google.common.cache.RemovalListeners$1
com.google.common.cache.RemovalListeners
com.google.common.cache.RemovalNotification
com.google.common.cache.Striped64$1
com.google.common.cache.Striped64$Cell
com.google.common.cache.Striped64
com.google.common.cache.Weigher
com.google.common.cache.package-info
com.google.common.collect.AbstractBiMap$1
com.google.common.collect.AbstractBiMap$BiMapEntry
com.google.common.collect.AbstractBiMap$EntrySet
com.google.common.collect.AbstractBiMap$Inverse
com.google.common.collect.AbstractBiMap$KeySet
com.google.common.collect.AbstractBiMap$ValueSet
com.google.common.collect.AbstractBiMap
com.google.common.collect.AbstractIndexedListIterator
com.google.common.collect.AbstractIterator$1
com.google.common.collect.AbstractIterator$State
com.google.common.collect.AbstractIterator
com.google.common.collect.AbstractListMultimap
com.google.common.collect.AbstractMapBasedMultimap$1
com.google.common.collect.AbstractMapBasedMultimap$2
com.google.common.collect.AbstractMapBasedMultimap$AsMap$AsMapEntries
com.google.common.collect.AbstractMapBasedMultimap$AsMap$AsMapIterator
com.google.common.collect.AbstractMapBasedMultimap$AsMap
com.google.common.collect.AbstractMapBasedMultimap$Itr